<?xml version="1.0" encoding="UTF-8"?>
<testsuites name="jest tests" tests="9" failures="0" errors="0" time="2.437">
  <testsuite name="classes" errors="0" failures="0" skipped="0" timestamp="2020-10-14T14:16:39" time="0.819" tests="5">
    <testcase classname="classes need one className" name="classes need one className" time="0.002">
    </testcase>
    <testcase classname="classes need two className" name="classes need two className" time="0">
    </testcase>
    <testcase classname="classes need two className and one is undefined" name="classes need two className and one is undefined" time="0">
    </testcase>
    <testcase classname="classes need a couple of wired variable" name="classes need a couple of wired variable" time="0">
    </testcase>
    <testcase classname="classes give noting" name="classes give noting" time="0.001">
    </testcase>
  </testsuite>
  <testsuite name="icon" errors="0" failures="0" skipped="0" timestamp="2020-10-14T14:16:40" time="0.198" tests="2">
    <testcase classname="icon render test?" name="icon render test?" time="0.008">
    </testcase>
    <testcase classname="icon should response to click event" name="icon should response to click event" time="0.028">
    </testcase>
  </testsuite>
  <testsuite name="button" errors="0" failures="0" skipped="0" timestamp="2020-10-14T14:16:40" time="0.152" tests="1">
    <testcase classname="button is div?" name="button is div?" time="0.002">
    </testcase>
  </testsuite>
  <testsuite name="classes" errors="0" failures="0" skipped="0" timestamp="2020-10-14T14:16:41" time="0.128" tests="1">
    <testcase classname="classes need one className" name="classes need one className" time="0.001">
    </testcase>
  </testsuite>
</testsuites>